<?xml version="1.0" encoding="UTF-8"?>
<!-- Generated by org.testng.reporters.JUnitReportReporter -->
<testsuite skipped="0" hostname="DESKTOP-OEHNS3G" name="rest_assured.concepts.BasicMethods" tests="1" failures="0" timestamp="2022-08-17T08:35:41 IST" time="1.988" errors="0">
  <testcase name="getMethod" time="1.988" classname="rest_assured.concepts.BasicMethods"/>
  <system-out/>
</testsuite> <!-- rest_assured.concepts.BasicMethods -->
