<?xml version="1.0" encoding="UTF-8"?>
<!-- Generated by org.testng.reporters.JUnitReportReporter -->
<testsuite skipped="0" hostname="DESKTOP-OEHNS3G" name="rest_assured.concepts.Basic_Meth_Prac" tests="1" failures="0" timestamp="2022-08-17T08:51:29 IST" time="1.710" errors="0">
  <testcase name="deleteMethod" time="1.710" classname="rest_assured.concepts.Basic_Meth_Prac"/>
  <system-out/>
</testsuite> <!-- rest_assured.concepts.Basic_Meth_Prac -->
